<?xml version="1.0" encoding="UTF-8"?>
<!-- Generated by org.testng.reporters.JUnitReportReporter -->
<testsuite skipped="0" hostname="GDC-LalitGY-LPT" name="TestNgEra.VerifyContextClick" tests="1" failures="0" timestamp="2021-01-13T18:30:09 IST" time="7.437" errors="0">
  <testcase name="verifyContextCLick" time="7.437" classname="TestNgEra.VerifyContextClick"/>
  <system-out/>
</testsuite> <!-- TestNgEra.VerifyContextClick -->
