<?xml version="1.0" encoding="UTF-8"?>
<!-- Generated by org.testng.reporters.JUnitReportReporter -->
<testsuite skipped="0" hostname="GDC-LalitGY-LPT" name="TestNgEra.VerifyDraggable" tests="1" failures="0" timestamp="2021-01-14T19:59:03 IST" time="2.532" errors="0">
  <testcase name="verifyContextCLick" time="2.532" classname="TestNgEra.VerifyDraggable"/>
  <system-out/>
</testsuite> <!-- TestNgEra.VerifyDraggable -->
