<?xml version="1.0" encoding="UTF-8"?>
<!-- Generated by org.testng.reporters.JUnitReportReporter -->
<testsuite skipped="0" hostname="GDC-LalitGY-LPT" name="DataProvider.WriteDataInExcel" tests="1" failures="0" timestamp="2021-02-15T19:26:03 IST" time="0.508" errors="0">
  <testcase name="readData" time="0.508" classname="DataProvider.WriteDataInExcel"/>
  <system-out/>
</testsuite> <!-- DataProvider.WriteDataInExcel -->
