<?xml version="1.0" encoding="UTF-8"?>
<!-- Generated by org.testng.reporters.JUnitReportReporter -->
<testsuite skipped="0" hostname="GDC-LalitGY-LPT" name="TestNgEra.VerifyMouseHover" tests="1" failures="0" timestamp="2021-01-13T18:43:19 IST" time="7.198" errors="0">
  <testcase name="verifyContextCLick" time="7.198" classname="TestNgEra.VerifyMouseHover"/>
  <system-out/>
</testsuite> <!-- TestNgEra.VerifyMouseHover -->
