<?xml version="1.0" encoding="UTF-8"?>
<!-- Generated by org.testng.reporters.JUnitReportReporter -->
<testsuite skipped="0" hostname="GDC-LalitGY-LPT" name="Com.TestNG.Annotations.DataProviderDemo2" tests="4" failures="0" timestamp="2021-03-12T04:32:16 PST" time="189.052" errors="0">
  <testcase name="VerifyUserCredentials" time="47.527" classname="Com.TestNG.Annotations.DataProviderDemo2"/>
  <system-out/>
  <testcase name="VerifyUserCredentials" time="36.529" classname="Com.TestNG.Annotations.DataProviderDemo2"/>
  <system-out/>
  <testcase name="VerifyUserCredentials" time="58.415" classname="Com.TestNG.Annotations.DataProviderDemo2"/>
  <system-out/>
  <testcase name="VerifyUserCredentials" time="46.581" classname="Com.TestNG.Annotations.DataProviderDemo2"/>
  <system-out/>
</testsuite> <!-- Com.TestNG.Annotations.DataProviderDemo2 -->
