<?xml version="1.0" encoding="UTF-8"?>
<!-- Generated by org.testng.reporters.JUnitReportReporter -->
<testsuite skipped="0" hostname="GDC-LalitGY-LPT" name="TestNgEra.VerifyIframe" tests="1" failures="0" timestamp="2021-01-14T20:32:15 IST" time="25.558" errors="0">
  <testcase name="verifyContextCLick" time="25.558" classname="TestNgEra.VerifyIframe"/>
  <system-out/>
</testsuite> <!-- TestNgEra.VerifyIframe -->
