<?xml version="1.0" encoding="UTF-8"?>
<!-- Generated by org.testng.reporters.JUnitReportReporter -->
<testsuite skipped="0" hostname="GDC-LalitGY-LPT" name="TestNgEra.RobotClass" tests="1" failures="0" timestamp="2021-02-11T22:50:59 IST" time="25.571" errors="0">
  <testcase name="checkKeyBoardAction" time="25.571" classname="TestNgEra.RobotClass"/>
  <system-out/>
</testsuite> <!-- TestNgEra.RobotClass -->
