<?xml version="1.0" encoding="UTF-8"?>
<!-- Generated by org.testng.reporters.JUnitReportReporter -->
<testsuite skipped="0" hostname="GDC-LalitGY-LPT" name="DataBase.TestDBConnectivity" tests="1" failures="0" timestamp="2021-03-15T22:08:09 IST" time="2.836" errors="0">
  <testcase name="TestDB_Connection" time="2.836" classname="DataBase.TestDBConnectivity"/>
  <system-out/>
</testsuite> <!-- DataBase.TestDBConnectivity -->
