<?xml version="1.0" encoding="UTF-8"?>
<!-- Generated by org.testng.reporters.JUnitReportReporter -->
<testsuite skipped="0" hostname="GDC-LalitGY-LPT" name="TestNgEra.LoginScript" tests="1" failures="0" timestamp="2021-01-10T21:23:36 IST" time="26.637" errors="0">
  <testcase name="LoginToBeatBlip" time="26.637" classname="TestNgEra.LoginScript"/>
  <system-out/>
</testsuite> <!-- TestNgEra.LoginScript -->
