<?xml version="1.0" encoding="UTF-8"?>
<!-- Generated by org.testng.reporters.JUnitReportReporter -->
<testsuite skipped="0" hostname="GDC-LalitGY-LPT" name="TestNgEra.VerifyCheckUncheck" tests="1" failures="0" timestamp="2021-03-13T06:55:43 PST" time="32.965" errors="0">
  <testcase name="verifycheck" time="32.965" classname="TestNgEra.VerifyCheckUncheck"/>
  <system-out/>
</testsuite> <!-- TestNgEra.VerifyCheckUncheck -->
