<?xml version="1.0" encoding="UTF-8"?>
<!-- Generated by org.testng.reporters.JUnitReportReporter -->
<testsuite skipped="0" hostname="GDC-LalitGY-LPT" name="TestNgEra.KeyBoardAction" tests="1" failures="0" timestamp="2021-02-11T22:40:37 IST" time="22.668" errors="0">
  <testcase name="checkKeyBoardAction" time="22.668" classname="TestNgEra.KeyBoardAction"/>
  <system-out/>
</testsuite> <!-- TestNgEra.KeyBoardAction -->
