<?xml version="1.0" encoding="UTF-8"?>
<!-- Generated by org.testng.reporters.JUnitReportReporter -->
<testsuite skipped="0" hostname="GDC-LalitGY-LPT" name="ExtentReportDemo.ExtentReportSample" tests="1" failures="0" timestamp="2021-03-13T09:49:07 PST" time="0.804" errors="0">
  <testcase name="VerifyGoogleTitle" time="0.804" classname="ExtentReportDemo.ExtentReportSample"/>
  <system-out/>
</testsuite> <!-- ExtentReportDemo.ExtentReportSample -->
