<?xml version="1.0" encoding="UTF-8"?>
<!-- Generated by org.testng.reporters.JUnitReportReporter -->
<testsuite skipped="0" hostname="GDC-LalitGY-LPT" name="DataProvider.ReadingDataFromExcelFile" tests="1" failures="0" timestamp="2021-02-15T19:18:29 IST" time="0.439" errors="0">
  <testcase name="readData" time="0.439" classname="DataProvider.ReadingDataFromExcelFile"/>
  <system-out/>
</testsuite> <!-- DataProvider.ReadingDataFromExcelFile -->
