<?xml version="1.0" encoding="UTF-8"?>
<!-- Generated by org.testng.reporters.JUnitReportReporter -->
<testsuite skipped="0" hostname="GDC-LalitGY-LPT" name="Com.TestNG.Annotations.PriorityTest" tests="4" failures="0" timestamp="2021-03-10T08:31:33 PST" time="0.008" errors="0">
  <testcase name="test2" time="0.002" classname="Com.TestNG.Annotations.PriorityTest"/>
  <system-out/>
  <testcase name="test1" time="0.003" classname="Com.TestNG.Annotations.PriorityTest"/>
  <system-out/>
  <testcase name="test3" time="0.002" classname="Com.TestNG.Annotations.PriorityTest"/>
  <system-out/>
  <testcase name="test4" time="0.001" classname="Com.TestNG.Annotations.PriorityTest"/>
  <system-out/>
</testsuite> <!-- Com.TestNG.Annotations.PriorityTest -->
