<?xml version="1.0" encoding="UTF-8"?>
<!-- Generated by org.testng.reporters.JUnitReportReporter -->
<testsuite skipped="0" hostname="GDC-LalitGY-LPT" name="Com.BeatBlip.TestCases.VerifyValidLogin" tests="2" failures="0" timestamp="2021-02-06T17:52:50 IST" time="52.573" errors="0">
  <testcase name="loginToBeatBlip" time="35.115" classname="Com.BeatBlip.TestCases.VerifyValidLogin"/>
  <system-out/>
  <testcase name="verify_BB_version" time="17.458" classname="Com.BeatBlip.TestCases.VerifyValidLogin"/>
  <system-out/>
</testsuite> <!-- Com.BeatBlip.TestCases.VerifyValidLogin -->
