<?xml version="1.0" encoding="UTF-8"?>
<!-- Generated by org.testng.reporters.JUnitReportReporter -->
<testsuite skipped="0" hostname="GDC-LalitGY-LPT" name="TestNgEra.HilightCurrentElement2" tests="1" failures="0" timestamp="2021-02-08T12:12:30 IST" time="42.178" errors="0">
  <testcase name="verifylogin" time="42.178" classname="TestNgEra.HilightCurrentElement2"/>
  <system-out/>
</testsuite> <!-- TestNgEra.HilightCurrentElement2 -->
