<?xml version="1.0" encoding="UTF-8"?>
<!-- Generated by org.testng.reporters.JUnitReportReporter -->
<testsuite skipped="0" hostname="GDC-LalitGY-LPT" name="Com.TestNG.Annotations.InvocationCountTest" tests="3" failures="0" timestamp="2021-03-10T08:43:10 PST" time="79.411" errors="0">
  <testcase name="verifylogin" time="24.816" classname="Com.TestNG.Annotations.InvocationCountTest"/>
  <system-out/>
  <testcase name="verifylogin" time="26.783" classname="Com.TestNG.Annotations.InvocationCountTest"/>
  <system-out/>
  <testcase name="verifylogin" time="27.812" classname="Com.TestNG.Annotations.InvocationCountTest"/>
  <system-out/>
</testsuite> <!-- Com.TestNG.Annotations.InvocationCountTest -->
