<?xml version="1.0" encoding="UTF-8"?>
<!-- Generated by org.testng.reporters.JUnitReportReporter -->
<testsuite hostname="GDC-LalitGY-LPT" failures="0" tests="1" name="Assignments.Test12" time="44.084" errors="0" timestamp="2021-05-18T12:26:04 IST" skipped="0">
  <testcase classname="Assignments.Test12" name="LaunchBrowser" time="44.084"/>
  <system-out/>
</testsuite> <!-- Assignments.Test12 -->
