<?xml version="1.0" encoding="UTF-8"?>
<!-- Generated by org.testng.reporters.JUnitReportReporter -->
<testsuite skipped="0" hostname="GDC-LalitGY-LPT" name="Com.TestNG.Annotations.DataProviderDemo1" tests="3" failures="0" timestamp="2021-03-11T09:14:31 PST" time="82.872" errors="0">
  <testcase name="VerifyUserCredentials" time="26.295" classname="Com.TestNG.Annotations.DataProviderDemo1"/>
  <system-out/>
  <testcase name="VerifyUserCredentials" time="24.628" classname="Com.TestNG.Annotations.DataProviderDemo1"/>
  <system-out/>
  <testcase name="VerifyUserCredentials" time="31.949" classname="Com.TestNG.Annotations.DataProviderDemo1"/>
  <system-out/>
</testsuite> <!-- Com.TestNG.Annotations.DataProviderDemo1 -->
