<?xml version="1.0" encoding="UTF-8"?>
<!-- Generated by org.testng.reporters.JUnitReportReporter -->
<testsuite hostname="DESKTOP-V8C0G5V" failures="0" tests="1" name="Com.TestNG.Annotations.ParameterTest" time="8.171" errors="0" timestamp="2021-06-08T11:28:44 IST" skipped="0">
  <testcase classname="Com.TestNG.Annotations.ParameterTest" name="verifylogin" time="8.171"/>
  <system-out/>
</testsuite> <!-- Com.TestNG.Annotations.ParameterTest -->
