<?xml version="1.0" encoding="UTF-8"?>
<!-- Generated by org.testng.reporters.JUnitReportReporter -->
<testsuite skipped="0" hostname="GDC-LalitGY-LPT" name="Com.TestNG.Annotations.DataProviderDemo" tests="3" failures="0" timestamp="2021-03-11T09:12:19 PST" time="49.996" errors="0">
  <testcase name="VerifyUserCredentials" time="19.849" classname="Com.TestNG.Annotations.DataProviderDemo"/>
  <system-out/>
  <testcase name="VerifyUserCredentials" time="21.918" classname="Com.TestNG.Annotations.DataProviderDemo"/>
  <system-out/>
  <testcase name="VerifyUserCredentials" time="8.229" classname="Com.TestNG.Annotations.DataProviderDemo"/>
  <system-out/>
</testsuite> <!-- Com.TestNG.Annotations.DataProviderDemo -->
