<?xml version="1.0" encoding="UTF-8"?>
<!-- Generated by org.testng.reporters.JUnitReportReporter -->
<testsuite skipped="0" hostname="GDC-LalitGY-LPT" name="PropertyFileDemo.LaunchBrowserUsingPropertyFile" tests="1" failures="0" timestamp="2021-03-13T11:47:40 PST" time="9.988" errors="0">
  <testcase name="LaunchChromeBrowser" time="9.988" classname="PropertyFileDemo.LaunchBrowserUsingPropertyFile"/>
  <system-out/>
</testsuite> <!-- PropertyFileDemo.LaunchBrowserUsingPropertyFile -->
