<?xml version="1.0" encoding="UTF-8"?>
<!-- Generated by org.testng.reporters.JUnitReportReporter -->
<testsuite skipped="0" hostname="GDC-LalitGY-LPT" name="TestNgEra.VerifyScroll" tests="1" failures="0" timestamp="2021-01-12T10:33:37 IST" time="15.044" errors="0">
  <testcase name="verifyscroll" time="15.044" classname="TestNgEra.VerifyScroll"/>
  <system-out/>
</testsuite> <!-- TestNgEra.VerifyScroll -->
