<?xml version="1.0" encoding="UTF-8"?>
<!-- Generated by org.testng.reporters.JUnitReportReporter -->
<testsuite hostname="GDC-LalitGY-LPT" failures="0" tests="2" name="Com.TestNG.Annotations.VerifyLoginTest" time="0.010" errors="0" timestamp="2021-05-18T12:00:59 IST" skipped="0">
  <testcase classname="Com.TestNG.Annotations.VerifyLoginTest" name="verifylogin1" time="0.009"/>
  <system-out/>
  <testcase classname="Com.TestNG.Annotations.VerifyLoginTest" name="verifylogin2" time="0.001"/>
  <system-out/>
</testsuite> <!-- Com.TestNG.Annotations.VerifyLoginTest -->
