<?xml version="1.0" encoding="UTF-8"?>
<!-- Generated by org.testng.reporters.JUnitReportReporter -->
<testsuite skipped="0" hostname="GDC-LalitGY-LPT" name="PropertyFileDemo.ReadDataFromPropertyFile" tests="1" failures="0" timestamp="2021-03-13T11:34:41 PST" time="0.010" errors="0">
  <testcase name="testconfig" time="0.010" classname="PropertyFileDemo.ReadDataFromPropertyFile"/>
  <system-out/>
</testsuite> <!-- PropertyFileDemo.ReadDataFromPropertyFile -->
