<?xml version="1.0" encoding="UTF-8"?>
<!-- Generated by org.testng.reporters.JUnitReportReporter -->
<testsuite hostname="DESKTOP-RQO2LU0" failures="0" tests="1" name="TestNgEra.HilightCurrentElement" time="52.467" errors="0" timestamp="2021-06-05T16:31:42 IST" skipped="0">
  <testcase classname="TestNgEra.HilightCurrentElement" name="verifylogin" time="52.467"/>
  <system-out/>
</testsuite> <!-- TestNgEra.HilightCurrentElement -->
