<?xml version="1.0" encoding="UTF-8"?>
<!-- Generated by org.testng.reporters.JUnitReportReporter -->
<testsuite hostname="GDC-LalitGY-LPT" failures="0" tests="1" name="FireFoxTest.DownloadFileInFF" time="112.799" errors="0" timestamp="2021-04-14T12:33:05 IST" skipped="0">
  <testcase classname="FireFoxTest.DownloadFileInFF" name="downloadImage" time="112.799"/>
  <system-out/>
</testsuite> <!-- FireFoxTest.DownloadFileInFF -->
