<?xml version="1.0" encoding="UTF-8"?>
<!-- Generated by org.testng.reporters.JUnitReportReporter -->
<testsuite hostname="DESKTOP-V8C0G5V" failures="0" tests="1" name="Test.TestParam" time="8.492" errors="0" timestamp="2021-06-11T17:03:42 IST" skipped="0">
  <testcase classname="Test.TestParam" name="verifyCredentials1" time="8.492"/>
  <system-out/>
</testsuite> <!-- Test.TestParam -->
