<?xml version="1.0" encoding="UTF-8"?>
<!-- Generated by org.testng.reporters.JUnitReportReporter -->
<testsuite skipped="0" hostname="GDC-LalitGY-LPT" name="TestNgEra.VerifyScrollIntoView" tests="1" failures="0" timestamp="2021-01-14T21:17:41 IST" time="3.081" errors="0">
  <testcase name="verifyContextCLick" time="3.081" classname="TestNgEra.VerifyScrollIntoView"/>
  <system-out/>
</testsuite> <!-- TestNgEra.VerifyScrollIntoView -->
