<?xml version="1.0" encoding="UTF-8"?>
<!-- Generated by org.testng.reporters.JUnitReportReporter -->
<testsuite hostname="GDC-LalitGY-LPT" failures="0" tests="1" name="TestNgEra.VerifyWindowTab" time="12.997" errors="0" timestamp="2021-05-18T13:58:48 IST" skipped="0">
  <testcase classname="TestNgEra.VerifyWindowTab" name="verifywindow" time="12.997"/>
  <system-out/>
</testsuite> <!-- TestNgEra.VerifyWindowTab -->
