<?xml version="1.0" encoding="UTF-8"?>
<!-- Generated by org.testng.reporters.JUnitReportReporter -->
<testsuite hostname="DESKTOP-RQO2LU0" failures="0" tests="1" name="NewTest.VerifyLogin" time="12.559" errors="0" timestamp="2021-06-07T13:01:10 IST" skipped="0">
  <testcase classname="NewTest.VerifyLogin" name="verifyUserLogin" time="12.559"/>
  <system-out/>
</testsuite> <!-- NewTest.VerifyLogin -->
