<?xml version="1.0" encoding="UTF-8"?>
<!-- Generated by org.testng.reporters.JUnitReportReporter -->
<testsuite skipped="0" hostname="GDC-LalitGY-LPT" name="TestNgEra.VerifyDragandDrop" tests="1" failures="0" timestamp="2021-01-14T19:45:30 IST" time="0.963" errors="0">
  <testcase name="verifyContextCLick" time="0.963" classname="TestNgEra.VerifyDragandDrop"/>
  <system-out/>
</testsuite> <!-- TestNgEra.VerifyDragandDrop -->
