<?xml version="1.0" encoding="UTF-8"?>
<!-- Generated by org.testng.reporters.JUnitReportReporter -->
<testsuite skipped="0" hostname="GDC-LalitGY-LPT" name="TestNgEra.MultipleTestCase" tests="3" failures="0" timestamp="2021-01-10T22:25:48 IST" time="25.249" errors="0">
  <testcase name="LoginToBeatBlip" time="21.678" classname="TestNgEra.MultipleTestCase"/>
  <system-out/>
  <testcase name="VerifyHomePage" time="0.068" classname="TestNgEra.MultipleTestCase"/>
  <system-out/>
  <testcase name="LogoutFromBeatBlip" time="3.503" classname="TestNgEra.MultipleTestCase"/>
  <system-out/>
</testsuite> <!-- TestNgEra.MultipleTestCase -->
