<?xml version="1.0" encoding="UTF-8"?>
<!-- Generated by org.testng.reporters.JUnitReportReporter -->
<testsuite skipped="0" hostname="GDC-LalitGY-LPT" name="AutoIt.VerifyWindowsCredentials" tests="1" failures="0" timestamp="2021-03-02T14:29:55 IST" time="28.249" errors="0">
  <testcase name="enterCredentials" time="28.249" classname="AutoIt.VerifyWindowsCredentials"/>
  <system-out/>
</testsuite> <!-- AutoIt.VerifyWindowsCredentials -->
