<?xml version="1.0" encoding="UTF-8"?>
<!-- Generated by org.testng.reporters.JUnitReportReporter -->
<testsuite hostname="DESKTOP-RQO2LU0" failures="0" tests="3" name="DataProvider.VerifyMultipleLogin" time="17.877" errors="0" timestamp="2021-06-05T22:51:33 IST" skipped="0">
  <testcase classname="DataProvider.VerifyMultipleLogin" name="verify_login" time="5.381"/>
  <system-out/>
  <testcase classname="DataProvider.VerifyMultipleLogin" name="verify_login" time="5.418"/>
  <system-out/>
  <testcase classname="DataProvider.VerifyMultipleLogin" name="verify_login" time="7.078"/>
  <system-out/>
</testsuite> <!-- DataProvider.VerifyMultipleLogin -->
