<?xml version="1.0" encoding="UTF-8"?>
<!-- Generated by org.testng.reporters.JUnitReportReporter -->
<testsuite skipped="0" hostname="GDC-LalitGY-LPT" name="Com.TestNG.Annotations.DataProviderTestUsingObjectArray" tests="3" failures="0" timestamp="2021-03-11T08:08:55 PST" time="25.417" errors="0">
  <testcase name="VerifyUserCredentials" time="7.240" classname="Com.TestNG.Annotations.DataProviderTestUsingObjectArray"/>
  <system-out/>
  <testcase name="VerifyUserCredentials" time="8.076" classname="Com.TestNG.Annotations.DataProviderTestUsingObjectArray"/>
  <system-out/>
  <testcase name="VerifyUserCredentials" time="10.101" classname="Com.TestNG.Annotations.DataProviderTestUsingObjectArray"/>
  <system-out/>
</testsuite> <!-- Com.TestNG.Annotations.DataProviderTestUsingObjectArray -->
