<?xml version="1.0" encoding="UTF-8"?>
<!-- Generated by org.testng.reporters.JUnitReportReporter -->
<testsuite skipped="0" hostname="GDC-LalitGY-LPT" name="TestNgEra.VerifyPageTitle" tests="2" failures="0" timestamp="2021-01-11T18:04:26 IST" time="24.821" errors="0">
  <testcase name="VerifyPageTitle" time="23.451" classname="TestNgEra.VerifyPageTitle"/>
  <system-out/>
  <testcase name="takesScreenShot" time="1.370" classname="TestNgEra.VerifyPageTitle"/>
  <system-out/>
</testsuite> <!-- TestNgEra.VerifyPageTitle -->
