<?xml version="1.0" encoding="UTF-8"?>
<!-- Generated by org.testng.reporters.JUnitReportReporter -->
<testsuite skipped="0" hostname="GDC-LalitGY-LPT" name="TestNgEra.VerifyDoubleClick" tests="1" failures="0" timestamp="2021-01-13T18:29:28 IST" time="7.197" errors="0">
  <testcase name="verifyContextCLick" time="7.197" classname="TestNgEra.VerifyDoubleClick"/>
  <system-out/>
</testsuite> <!-- TestNgEra.VerifyDoubleClick -->
