<?xml version="1.0" encoding="UTF-8"?>
<!-- Generated by org.testng.reporters.JUnitReportReporter -->
<testsuite hostname="GDC-LalitGY-LPT" failures="0" tests="6" name="TestNgEra.PriorityCheck" time="0.017" errors="0" timestamp="2021-05-19T14:00:32 IST" skipped="0">
  <testcase classname="TestNgEra.PriorityCheck" name="login3" time="0.011"/>
  <system-out/>
  <testcase classname="TestNgEra.PriorityCheck" name="login2" time="0.001"/>
  <system-out/>
  <testcase classname="TestNgEra.PriorityCheck" name="login1" time="0.001"/>
  <system-out/>
  <testcase classname="TestNgEra.PriorityCheck" name="login6" time="0.002"/>
  <system-out/>
  <testcase classname="TestNgEra.PriorityCheck" name="login5" time="0.001"/>
  <system-out/>
  <testcase classname="TestNgEra.PriorityCheck" name="login4" time="0.001"/>
  <system-out/>
</testsuite> <!-- TestNgEra.PriorityCheck -->
