<?xml version="1.0" encoding="UTF-8"?>
<!-- Generated by org.testng.reporters.JUnitReportReporter -->
<testsuite skipped="0" hostname="GDC-LalitGY-LPT" name="TestNgEra.LogFile" tests="1" failures="0" timestamp="2021-02-09T16:26:05 IST" time="48.494" errors="0">
  <testcase name="verifylogin" time="48.494" classname="TestNgEra.LogFile"/>
  <system-out/>
</testsuite> <!-- TestNgEra.LogFile -->
