<?xml version="1.0" encoding="UTF-8"?>
<!-- Generated by org.testng.reporters.JUnitReportReporter -->
<testsuite skipped="0" hostname="GDC-LalitGY-LPT" name="Library.ReadMultipleDataFromExcel" tests="1" failures="0" timestamp="2021-03-11T05:46:25 PST" time="11.903" errors="0">
  <testcase name="readdata" time="11.903" classname="Library.ReadMultipleDataFromExcel"/>
  <system-out/>
</testsuite> <!-- Library.ReadMultipleDataFromExcel -->
